<?xml version="1.0" encoding="UTF-8"?>
<!-- Generated by org.testng.reporters.JUnitReportReporter -->
<testsuite hostname="DESKTOP-2PDTMJ5" failures="0" tests="2" name="com.ws.tests.TestLoginPage" time="10.749" errors="0" timestamp="2024-02-25T23:34:01 MST" skipped="0">
  <testcase classname="com.ws.tests.TestLoginPage" name="testHomePageTitle" time="4.364"/>
  <system-out/>
  <testcase classname="com.ws.tests.TestLoginPage" name="testLoginFunction" time="6.385"/>
  <system-out/>
</testsuite> <!-- com.ws.tests.TestLoginPage -->
