<?xml version="1.0" encoding="UTF-8"?>
<!-- Generated by org.testng.reporters.JUnitReportReporter -->
<testsuite hostname="DESKTOP-2PDTMJ5" failures="0" tests="1" name="com.ws.base.DriverScript" time="5.175" errors="0" timestamp="2024-02-25T21:54:12 MST" skipped="0">
  <testcase classname="com.ws.base.DriverScript" name="initApplication" time="5.175"/>
  <system-out/>
</testsuite> <!-- com.ws.base.DriverScript -->
